TN:
SF:src/components/Button/Button.jsx
FN:5,Button
FNF:1
FNH:1
FNDA:4,Button
DA:7,4
DA:12,2
LF:2
LH:2
BRF:0
BRH:0
end_of_record
TN:
SF:src/components/CheckOut/index.jsx
FN:43,(anonymous_0)
FN:46,(anonymous_1)
FN:56,CheckOut
FN:57,(anonymous_3)
FN:58,(anonymous_4)
FN:59,(anonymous_5)
FN:79,(anonymous_6)
FN:90,(anonymous_7)
FN:91,(anonymous_8)
FN:95,(anonymous_9)
FN:96,(anonymous_10)
FN:100,(anonymous_11)
FN:101,(anonymous_12)
FN:109,(anonymous_13)
FN:117,(anonymous_14)
FNF:15
FNH:2
FNDA:0,(anonymous_0)
FNDA:0,(anonymous_1)
FNDA:1,CheckOut
FNDA:2,(anonymous_3)
FNDA:0,(anonymous_4)
FNDA:0,(anonymous_5)
FNDA:0,(anonymous_6)
FNDA:0,(anonymous_7)
FNDA:0,(anonymous_8)
FNDA:0,(anonymous_9)
FNDA:0,(anonymous_10)
FNDA:0,(anonymous_11)
FNDA:0,(anonymous_12)
FNDA:0,(anonymous_13)
FNDA:0,(anonymous_14)
DA:10,1
DA:34,1
DA:43,1
DA:44,0
DA:46,1
DA:47,0
DA:48,0
DA:49,0
DA:50,0
DA:51,0
DA:52,0
DA:57,2
DA:58,1
DA:59,1
DA:60,0
DA:62,1
DA:63,1
DA:64,1
DA:80,0
DA:81,0
DA:82,0
DA:83,0
DA:85,0
DA:90,0
DA:91,0
DA:95,0
DA:96,0
DA:100,0
DA:101,0
DA:110,0
DA:118,0
LF:31
LH:10
BRDA:35,0,0,1
BRDA:35,0,1,1
BRDA:36,1,0,1
BRDA:36,1,1,1
BRDA:37,2,0,1
BRDA:37,2,1,1
BRDA:38,3,0,1
BRDA:38,3,1,1
BRDA:39,4,0,1
BRDA:39,4,1,1
BRDA:40,5,0,1
BRDA:40,5,1,1
BRF:12
BRH:12
end_of_record
TN:
SF:src/components/CustomInput/СustomInput.jsx
FN:6,CustomInput
FN:16,(anonymous_1)
FNF:2
FNH:1
FNDA:6,CustomInput
FNDA:0,(anonymous_1)
DA:7,6
DA:8,6
DA:9,6
DA:17,0
DA:18,0
DA:20,0
LF:6
LH:3
BRDA:6,0,0,0
BRDA:8,1,0,6
BRDA:8,1,1,0
BRDA:17,2,0,0
BRDA:17,2,1,0
BRDA:24,3,0,6
BRDA:24,3,1,0
BRF:7
BRH:2
end_of_record
TN:
SF:src/components/Footer/index.jsx
FN:4,index
FNF:1
FNH:1
FNDA:1,index
DA:5,1
LF:1
LH:1
BRF:0
BRH:0
end_of_record
TN:
SF:src/components/Modal/ModalBody/ModalBody.jsx
FN:5,ModalBody
FNF:1
FNH:1
FNDA:2,ModalBody
DA:6,2
DA:13,1
LF:2
LH:2
BRF:0
BRH:0
end_of_record
TN:
SF:src/components/Modal/ModalClose/ModalClose.jsx
FN:7,ModalClose
FN:9,(anonymous_1)
FN:11,(anonymous_2)
FNF:3
FNH:3
FNDA:3,ModalClose
FNDA:7,(anonymous_1)
FNDA:1,(anonymous_2)
DA:8,3
DA:9,7
DA:10,3
DA:12,1
DA:18,2
LF:5
LH:5
BRF:0
BRH:0
end_of_record
TN:
SF:src/components/Modal/ModalFooter/ModalFooter.jsx
FN:7,ModalFooter
FNF:1
FNH:1
FNDA:2,ModalFooter
DA:8,2
DA:9,2
DA:16,1
LF:3
LH:3
BRF:0
BRH:0
end_of_record
TN:
SF:src/components/Modal/ModalWrapper/ModalWrapper.jsx
FN:5,ModalWrapper
FN:7,(anonymous_1)
FNF:2
FNH:2
FNDA:3,ModalWrapper
FNDA:1,(anonymous_1)
DA:6,3
DA:7,1
DA:11,2
LF:3
LH:3
BRF:0
BRH:0
end_of_record
TN:
SF:src/components/ModalText/ModalText.jsx
FN:12,ModalText
FN:14,(anonymous_1)
FN:15,(anonymous_2)
FN:17,(anonymous_3)
FN:24,(anonymous_4)
FN:28,(anonymous_5)
FN:28,(anonymous_6)
FN:30,(anonymous_7)
FN:30,(anonymous_8)
FNF:9
FNH:5
FNDA:4,ModalText
FNDA:8,(anonymous_1)
FNDA:8,(anonymous_2)
FNDA:8,(anonymous_3)
FNDA:1,(anonymous_4)
FNDA:0,(anonymous_5)
FNDA:0,(anonymous_6)
FNDA:0,(anonymous_7)
FNDA:0,(anonymous_8)
DA:14,8
DA:15,8
DA:16,4
DA:17,8
DA:19,4
DA:20,2
DA:23,2
DA:24,1
DA:28,0
DA:30,0
DA:43,1
LF:11
LH:9
BRDA:19,0,0,2
BRDA:19,0,1,2
BRF:2
BRH:2
end_of_record
TN:
SF:src/redux/store.js
FNF:0
FNH:0
DA:5,4
LF:1
LH:1
BRF:0
BRH:0
end_of_record
TN:
SF:src/redux/slices/modalSlices.js
FN:9,(anonymous_0)
FNF:1
FNH:1
FNDA:3,(anonymous_0)
DA:3,4
DA:10,3
DA:15,4
LF:3
LH:3
BRF:0
BRH:0
end_of_record
TN:
SF:src/redux/slices/productSlice.js
FN:7,(anonymous_0)
FN:13,(anonymous_1)
FN:25,(anonymous_2)
FN:27,(anonymous_3)
FN:31,(anonymous_4)
FN:33,(anonymous_5)
FN:37,(anonymous_6)
FN:39,(anonymous_7)
FN:43,(anonymous_8)
FN:44,(anonymous_9)
FN:47,(anonymous_10)
FN:51,(anonymous_11)
FN:52,(anonymous_12)
FNF:13
FNH:10
FNDA:0,(anonymous_0)
FNDA:0,(anonymous_1)
FNDA:1,(anonymous_2)
FNDA:1,(anonymous_3)
FNDA:1,(anonymous_4)
FNDA:1,(anonymous_5)
FNDA:1,(anonymous_6)
FNDA:1,(anonymous_7)
FNDA:1,(anonymous_8)
FNDA:2,(anonymous_9)
FNDA:1,(anonymous_10)
FNDA:5,(anonymous_11)
FNDA:0,(anonymous_12)
DA:5,5
DA:8,0
DA:10,0
DA:11,0
DA:13,0
DA:14,0
DA:18,5
DA:26,1
DA:27,1
DA:28,1
DA:29,1
DA:32,1
DA:33,1
DA:34,1
DA:35,1
DA:38,1
DA:39,1
DA:40,1
DA:41,1
DA:44,2
DA:45,1
DA:48,1
DA:52,5
DA:53,0
DA:54,0
DA:59,5
LF:26
LH:19
BRDA:10,0,0,0
BRDA:10,0,1,0
BRF:2
BRH:0
end_of_record
TN:
SF:src/redux/utils/productsLS.js
FN:3,(anonymous_0)
FN:7,(anonymous_1)
FNF:2
FNH:1
FNDA:4,(anonymous_0)
FNDA:0,(anonymous_1)
DA:1,5
DA:3,5
DA:4,4
DA:7,5
DA:8,0
DA:10,0
LF:6
LH:4
BRDA:10,0,0,0
BRDA:10,0,1,0
BRF:2
BRH:0
end_of_record
